[INFO ] 2023-01-02 19:35:12.063 [main] Register - Chrome Browser opened
[INFO ] 2023-01-02 19:35:48.348 [main] Register - Expected site opened
[INFO ] 2023-01-02 19:35:51.393 [main] Register - Entering info in Byjus Class Schedule form
[INFO ] 2023-01-02 19:36:05.001 [main] Register - Mobile Number validated
[INFO ] 2023-01-02 19:36:22.951 [main] Register - Byjus Form Submitted successfully
[INFO ] 2023-01-02 19:52:46.515 [main] Register - Chrome Browser opened
[INFO ] 2023-01-02 19:53:06.519 [main] Register - Expected site opened
[INFO ] 2023-01-02 19:53:09.574 [main] Register - Entering info in Byjus Class Schedule form
[INFO ] 2023-01-02 19:53:23.138 [main] Register - Mobile Number validated
[INFO ] 2023-01-02 19:53:46.318 [main] Register - Byjus Form Submitted successfully
[INFO ] 2023-01-02 19:54:36.796 [main] Register - Chrome Browser opened
[INFO ] 2023-01-02 19:55:02.590 [main] Register - Expected site opened
[INFO ] 2023-01-02 19:55:05.634 [main] Register - Entering info in Byjus Class Schedule form
[INFO ] 2023-01-02 19:55:19.246 [main] Register - Mobile Number validated
[INFO ] 2023-01-02 19:55:37.323 [main] Register - Byjus Form Submitted successfully
[INFO ] 2023-01-02 19:56:11.401 [main] Register - Chrome Browser opened
[INFO ] 2023-01-02 19:56:25.331 [main] Register - Expected site opened
[INFO ] 2023-01-02 19:56:28.376 [main] Register - Entering info in Byjus Class Schedule form
[INFO ] 2023-01-02 19:56:42.024 [main] Register - Mobile Number validated
[INFO ] 2023-01-02 19:57:00.102 [main] Register - Byjus Form Submitted successfully
[INFO ] 2023-01-02 19:57:39.734 [main] Register - Chrome Browser opened
[INFO ] 2023-01-02 19:58:03.034 [main] Register - Expected site opened
[INFO ] 2023-01-02 19:58:06.082 [main] Register - Entering info in Byjus Class Schedule form
[INFO ] 2023-01-02 19:58:19.670 [main] Register - Mobile Number validated
[INFO ] 2023-01-02 19:58:37.687 [main] Register - Byjus Form Submitted successfully
[INFO ] 2023-01-02 19:59:21.757 [main] Register - Chrome Browser opened
[INFO ] 2023-01-02 19:59:40.861 [main] Register - Expected site opened
[INFO ] 2023-01-02 19:59:43.900 [main] Register - Entering info in Byjus Class Schedule form
[INFO ] 2023-01-02 19:59:57.532 [main] Register - Mobile Number validated
[INFO ] 2023-01-02 20:00:15.518 [main] Register - Byjus Form Submitted successfully
[INFO ] 2023-01-02 22:01:36.605 [main] Register - Chrome Browser opened
[INFO ] 2023-01-02 22:03:13.697 [main] Register - Expected site opened
[INFO ] 2023-01-02 22:03:16.745 [main] Register - Entering info in Byjus Class Schedule form
[INFO ] 2023-01-02 22:03:30.420 [main] Register - Mobile Number validated
[INFO ] 2023-01-02 22:03:48.475 [main] Register - Byjus Form Submitted successfully
[INFO ] 2023-01-08 21:10:19.580 [main] Register - Chrome Browser opened
[INFO ] 2023-01-08 21:10:39.120 [main] Register - Expected site opened
[INFO ] 2023-01-08 21:10:42.161 [main] Register - Entering info in Byjus Class Schedule form
[INFO ] 2023-01-08 21:10:55.545 [main] Register - Mobile Number validated
[INFO ] 2023-01-08 21:11:13.157 [main] Register - Byjus Form Submitted successfully
[INFO ] 2023-01-08 21:11:28.683 [main] Register - Chrome Browser opened
[INFO ] 2023-01-08 21:12:00.796 [main] Register - Expected site opened
[INFO ] 2023-01-08 21:12:03.829 [main] Register - Entering info in Byjus Class Schedule form
[INFO ] 2023-01-08 21:12:17.196 [main] Register - Mobile Number validated
[INFO ] 2023-01-08 21:12:34.829 [main] Register - Byjus Form Submitted successfully
[INFO ] 2023-01-08 21:20:59.512 [main] Register - Chrome Browser opened
[INFO ] 2023-01-08 21:21:13.723 [main] Register - Expected site opened
[INFO ] 2023-01-08 21:21:16.763 [main] Register - Entering info in Byjus Class Schedule form
[INFO ] 2023-01-08 21:21:30.147 [main] Register - Mobile Number validated
[INFO ] 2023-01-08 21:21:47.789 [main] Register - Byjus Form Submitted successfully
[INFO ] 2023-01-08 21:21:48.950 [main] Register - Chrome Browser opened
[INFO ] 2023-01-08 21:22:12.981 [main] Register - Expected site opened
[INFO ] 2023-01-08 21:22:15.986 [main] Register - Entering info in Byjus Class Schedule form
[INFO ] 2023-01-08 21:27:02.044 [main] Register - Chrome Browser opened
[INFO ] 2023-01-08 21:27:31.860 [main] Register - Expected site opened
[INFO ] 2023-01-08 21:27:34.904 [main] Register - Entering info in Byjus Class Schedule form
[INFO ] 2023-01-08 21:27:35.590 [main] Register - Chrome Browser opened
[INFO ] 2023-01-08 21:27:43.290 [main] Register - Expected site opened
[INFO ] 2023-01-08 21:27:46.295 [main] Register - Entering info in Byjus Class Schedule form
[INFO ] 2023-01-08 21:58:03.115 [main] Register - Chrome Browser opened
[INFO ] 2023-01-08 21:58:05.022 [main] Register - Chrome Browser opened
[INFO ] 2023-01-08 21:58:07.559 [main] Register - Chrome Browser opened
[INFO ] 2023-01-08 21:58:07.894 [main] Register - Expected site opened
[INFO ] 2023-01-08 21:58:10.150 [main] Register - Expected site opened
[INFO ] 2023-01-08 21:58:10.944 [main] Register - Entering info in Byjus Class Schedule form
[INFO ] 2023-01-08 21:58:11.661 [main] Register - Chrome Browser opened
[INFO ] 2023-01-08 21:58:13.204 [main] Register - Entering info in Byjus Class Schedule form
[INFO ] 2023-01-08 21:58:13.792 [main] Register - Expected site opened
[INFO ] 2023-01-08 21:58:16.799 [main] Register - Entering info in Byjus Class Schedule form
[INFO ] 2023-01-08 21:59:35.949 [main] Register - Chrome Browser opened
[INFO ] 2023-01-08 21:59:37.573 [main] Register - Expected site opened
[INFO ] 2023-01-08 21:59:40.615 [main] Register - Entering info in Byjus Class Schedule form
[INFO ] 2023-01-08 21:59:41.298 [main] Register - Chrome Browser opened
[INFO ] 2023-01-08 21:59:42.446 [main] Register - Expected site opened
[INFO ] 2023-01-08 21:59:45.448 [main] Register - Entering info in Byjus Class Schedule form
[INFO ] 2023-01-08 22:02:28.727 [main] Register - Chrome Browser opened
[INFO ] 2023-01-08 22:02:32.986 [main] Register - Expected site opened
[INFO ] 2023-01-08 22:02:36.022 [main] Register - Entering info in Byjus Class Schedule form
[INFO ] 2023-01-08 22:02:36.729 [main] Register - Chrome Browser opened
[INFO ] 2023-01-08 22:02:38.678 [main] Register - Expected site opened
[INFO ] 2023-01-08 22:02:41.694 [main] Register - Entering info in Byjus Class Schedule form
[INFO ] 2023-01-08 22:04:27.045 [main] Register - Entering info in Byjus Class Schedule form
[INFO ] 2023-01-08 22:04:40.440 [main] Register - Mobile Number validated
[INFO ] 2023-01-08 22:04:58.046 [main] Register - Byjus Form Submitted successfully
[INFO ] 2023-01-08 22:05:35.504 [main] Register - Entering info in Byjus Class Schedule form
[INFO ] 2023-01-08 22:05:48.912 [main] Register - Mobile Number validated
[INFO ] 2023-01-08 22:06:07.057 [main] Register - Byjus Form Submitted successfully
[INFO ] 2023-01-10 12:32:52.356 [main] Register - Chrome Browser opened
[INFO ] 2023-01-10 12:33:10.319 [main] Register - Expected site opened
[INFO ] 2023-01-10 12:33:13.384 [main] Register - Entering info in Byjus Class Schedule form
[INFO ] 2023-01-10 12:33:26.970 [main] Register - Mobile Number validated
[INFO ] 2023-01-10 12:33:44.999 [main] Register - Byjus Form Submitted successfully
[INFO ] 2023-01-10 12:36:30.080 [main] Register - Chrome Browser opened
[INFO ] 2023-01-10 12:36:55.960 [main] Register - Expected site opened
[INFO ] 2023-01-10 12:36:58.988 [main] Register - Entering info in Byjus Class Schedule form
[INFO ] 2023-01-10 12:37:12.600 [main] Register - Mobile Number validated
[INFO ] 2023-01-10 12:37:30.652 [main] Register - Byjus Form Submitted successfully
[INFO ] 2023-01-10 12:37:34.023 [main] Register - Entering info in Byjus Class Schedule form
[INFO ] 2023-01-10 12:38:38.546 [main] Register - Chrome Browser opened
[INFO ] 2023-01-10 12:38:47.017 [main] Register - Expected site opened
[INFO ] 2023-01-10 12:38:50.052 [main] Register - Entering info in Byjus Class Schedule form
[INFO ] 2023-01-10 12:39:03.650 [main] Register - Mobile Number validated
[INFO ] 2023-01-10 12:39:21.673 [main] Register - Byjus Form Submitted successfully
[INFO ] 2023-01-10 12:39:25.018 [main] Register - Entering info in Byjus Class Schedule form
[INFO ] 2023-01-10 12:40:17.097 [main] Register - Chrome Browser opened
[INFO ] 2023-01-10 12:40:26.020 [main] Register - Expected site opened
[INFO ] 2023-01-10 12:40:29.080 [main] Register - Entering info in Byjus Class Schedule form
[INFO ] 2023-01-10 12:40:42.653 [main] Register - Mobile Number validated
[INFO ] 2023-01-10 12:41:00.800 [main] Register - Byjus Form Submitted successfully
[INFO ] 2023-01-10 12:41:14.724 [main] Register - Entering info in Byjus Class Schedule form
[INFO ] 2023-01-10 12:42:41.247 [main] Register - Chrome Browser opened
[INFO ] 2023-01-10 12:43:00.214 [main] Register - Expected site opened
[INFO ] 2023-01-10 12:43:03.273 [main] Register - Entering info in Byjus Class Schedule form
[INFO ] 2023-01-10 12:43:16.877 [main] Register - Mobile Number validated
[INFO ] 2023-01-10 12:43:34.949 [main] Register - Byjus Form Submitted successfully
[INFO ] 2023-01-10 12:43:38.307 [main] Register - Entering info in Byjus Class Schedule form
[INFO ] 2023-01-10 12:44:38.310 [main] Register - Chrome Browser opened
[INFO ] 2023-01-10 12:47:04.892 [main] Register - Expected site opened
[INFO ] 2023-01-10 12:47:07.965 [main] Register - Entering info in Byjus Class Schedule form
[INFO ] 2023-01-10 12:47:19.321 [main] Register - Chrome Browser opened
[INFO ] 2023-01-10 12:47:46.772 [main] Register - Expected site opened
[INFO ] 2023-01-10 12:47:49.833 [main] Register - Entering info in Byjus Class Schedule form
[INFO ] 2023-01-10 12:48:03.405 [main] Register - Mobile Number validated
[INFO ] 2023-01-10 12:48:55.348 [main] Register - Chrome Browser opened
[INFO ] 2023-01-10 12:49:12.777 [main] Register - Expected site opened
[INFO ] 2023-01-10 12:49:15.834 [main] Register - Entering info in Byjus Class Schedule form
[INFO ] 2023-01-10 12:49:29.498 [main] Register - Mobile Number validated
[INFO ] 2023-01-10 12:49:47.546 [main] Register - Byjus Form Submitted successfully
[INFO ] 2023-01-10 12:49:50.924 [main] Register - Entering info in Byjus Class Schedule form
[INFO ] 2023-01-10 12:54:34.658 [main] Register - Chrome Browser opened
[INFO ] 2023-01-10 12:54:48.228 [main] Register - Expected site opened
[INFO ] 2023-01-10 12:54:51.291 [main] Register - Entering info in Byjus Class Schedule form
[INFO ] 2023-01-10 12:54:51.291 [main] Register - Mobile Number validated
[INFO ] 2023-01-10 12:54:51.291 [main] Register - Byjus Form Submitted successfully
[INFO ] 2023-01-10 12:54:54.621 [main] Register - Entering info in Byjus Class Schedule form
[INFO ] 2023-01-10 12:54:54.621 [main] Register - Mobile Number validated
[INFO ] 2023-01-10 12:54:54.621 [main] Register - Byjus Form Submitted successfully
[INFO ] 2023-01-11 00:46:44.249 [main] Register - Chrome Browser opened
[INFO ] 2023-01-11 00:46:54.430 [main] Register - Expected site opened
[INFO ] 2023-01-11 00:46:57.480 [main] Register - Entering info in Byjus Class Schedule form
[INFO ] 2023-01-11 00:47:10.859 [main] Register - Mobile Number validated
[INFO ] 2023-01-11 00:47:28.505 [main] Register - Byjus Form Submitted successfully
[INFO ] 2023-01-11 00:47:31.706 [main] Register - Entering info in Byjus Class Schedule form
[INFO ] 2023-01-11 00:48:33.704 [main] Register - Chrome Browser opened
[INFO ] 2023-01-11 00:48:35.348 [main] Register - Expected site opened
[INFO ] 2023-01-11 00:48:38.391 [main] Register - Entering info in Byjus Class Schedule form
[INFO ] 2023-01-11 00:48:59.660 [main] Register - Chrome Browser opened
[INFO ] 2023-01-11 00:49:03.706 [main] Register - Expected site opened
[INFO ] 2023-01-11 00:49:06.742 [main] Register - Entering info in Byjus Class Schedule form
[INFO ] 2023-01-11 00:49:20.088 [main] Register - Mobile Number validated
[INFO ] 2023-01-11 00:49:37.687 [main] Register - Byjus Form Submitted successfully
[INFO ] 2023-01-11 01:33:28.995 [main] Register - Chrome Browser opened
[INFO ] 2023-01-11 01:33:34.230 [main] Register - Expected site opened
[INFO ] 2023-01-11 01:33:37.281 [main] Register - Entering info in Byjus Class Schedule form
[INFO ] 2023-01-11 01:33:50.809 [main] Register - Mobile Number validated
[INFO ] 2023-01-11 01:34:08.909 [main] Register - Byjus Form Submitted successfully
[INFO ] 2023-01-11 11:08:40.104 [main] Register - Chrome Browser opened
[INFO ] 2023-01-11 11:08:48.273 [main] Register - Expected site opened
[INFO ] 2023-01-11 11:08:51.314 [main] Register - Entering info in Byjus Class Schedule form
[INFO ] 2023-01-11 11:09:04.781 [main] Register - Mobile Number validated
[INFO ] 2023-01-11 13:42:10.371 [main] Register - Chrome Browser opened
[INFO ] 2023-01-11 13:48:33.430 [main] Register - Chrome Browser opened
[INFO ] 2023-01-11 13:48:49.575 [main] Register - Expected site opened
[INFO ] 2023-01-11 13:48:52.622 [main] Register - Entering info in Byjus Class Schedule form
[INFO ] 2023-01-11 13:49:06.228 [main] Register - Mobile Number validated
[INFO ] 2023-01-11 13:50:16.731 [main] Register - Chrome Browser opened
[INFO ] 2023-01-11 13:50:43.048 [main] Register - Expected site opened
[INFO ] 2023-01-11 13:50:46.087 [main] Register - Entering info in Byjus Class Schedule form
[INFO ] 2023-01-11 13:50:59.800 [main] Register - Mobile Number validated
[INFO ] 2023-01-11 13:51:17.803 [main] Register - Byjus Form Submitted successfully
[INFO ] 2023-01-11 13:52:39.536 [main] Register - Chrome Browser opened
[INFO ] 2023-01-11 13:57:52.646 [main] Register - Chrome Browser opened
[INFO ] 2023-01-11 13:58:35.818 [main] Register - Expected site opened
[INFO ] 2023-01-11 13:58:38.869 [main] Register - Entering info in Byjus Class Schedule form
[INFO ] 2023-01-11 13:58:52.450 [main] Register - Mobile Number validated
[INFO ] 2023-01-11 14:12:55.331 [main] Register - Chrome Browser opened
[INFO ] 2023-01-11 14:13:39.022 [main] Register - Expected site opened
[INFO ] 2023-01-11 14:13:42.058 [main] Register - Entering info in Byjus Class Schedule form
[INFO ] 2023-01-11 14:13:55.650 [main] Register - Mobile Number validated
[INFO ] 2023-01-11 14:14:13.834 [main] Register - Byjus Form Submitted successfully
[INFO ] 2023-01-11 14:16:37.480 [main] Register - Chrome Browser opened
[INFO ] 2023-01-11 14:17:14.674 [main] Register - Expected site opened
[INFO ] 2023-01-11 14:17:17.718 [main] Register - Entering info in Byjus Class Schedule form
[INFO ] 2023-01-11 14:17:31.310 [main] Register - Mobile Number validated
[INFO ] 2023-01-11 14:52:40.194 [main] Register - Chrome Browser opened
[INFO ] 2023-01-11 14:52:55.251 [main] Register - Expected site opened
[INFO ] 2023-01-11 14:52:58.290 [main] Register - Entering info in Byjus Class Schedule form
[INFO ] 2023-01-11 14:53:47.934 [main] Register - Chrome Browser opened
[INFO ] 2023-01-11 14:54:05.859 [main] Register - Expected site opened
[INFO ] 2023-01-11 14:54:08.891 [main] Register - Entering info in Byjus Class Schedule form
[INFO ] 2023-01-11 14:55:30.061 [main] Register - Chrome Browser opened
[INFO ] 2023-01-11 14:55:39.596 [main] Register - Expected site opened
[INFO ] 2023-01-11 14:55:42.647 [main] Register - Entering info in Byjus Class Schedule form
[INFO ] 2023-01-11 14:55:57.671 [main] Register - Byjus Form Submitted successfully
[INFO ] 2023-01-11 14:56:35.231 [main] Register - Chrome Browser opened
[INFO ] 2023-01-11 14:56:56.443 [main] Register - Expected site opened
[INFO ] 2023-01-11 14:56:59.497 [main] Register - Entering info in Byjus Class Schedule form
[INFO ] 2023-01-11 14:57:14.576 [main] Register - Byjus Form Submitted successfully
[INFO ] 2023-01-11 14:58:56.446 [main] Register - Chrome Browser opened
[INFO ] 2023-01-11 14:59:21.980 [main] Register - Expected site opened
[INFO ] 2023-01-11 14:59:25.030 [main] Register - Entering info in Byjus Class Schedule form
[INFO ] 2023-01-11 14:59:39.829 [main] Register - Byjus Form Submitted successfully
[INFO ] 2023-01-11 15:08:59.295 [main] Register - Chrome Browser opened
[INFO ] 2023-01-11 15:09:09.784 [main] Register - Expected site opened
[INFO ] 2023-01-11 15:09:12.822 [main] Register - Entering info in Byjus Class Schedule form
[INFO ] 2023-01-11 15:09:27.715 [main] Register - Byjus Form Submitted successfully
[INFO ] 2023-01-11 15:16:53.736 [main] Register - Chrome Browser opened
[INFO ] 2023-01-11 15:18:10.744 [main] Register - Expected site opened
[INFO ] 2023-01-11 15:18:13.797 [main] Register - Entering info in Byjus Class Schedule form
[INFO ] 2023-01-11 15:18:28.577 [main] Register - Byjus Form Submitted successfully
[INFO ] 2023-01-12 16:16:26.402 [main] Register - Chrome Browser opened
[INFO ] 2023-01-12 16:16:41.466 [main] Register - Expected site opened
[INFO ] 2023-01-12 16:16:44.524 [main] Register - Entering info in Byjus Class Schedule form
[INFO ] 2023-01-12 16:16:59.361 [main] Register - Byjus Form Submitted successfully
[INFO ] 2023-01-12 16:19:14.986 [main] Register - Chrome Browser opened
[INFO ] 2023-01-12 16:19:20.866 [main] Register - Expected site opened
[INFO ] 2023-01-12 16:19:23.960 [main] Register - Entering info in Byjus Class Schedule form
[INFO ] 2023-01-12 16:19:38.834 [main] Register - Byjus Form Submitted successfully
[INFO ] 2023-01-12 16:20:06.546 [main] Register - Chrome Browser opened
[INFO ] 2023-01-12 16:20:10.905 [main] Register - Expected site opened
[INFO ] 2023-01-12 16:20:13.978 [main] Register - Entering info in Byjus Class Schedule form
[INFO ] 2023-01-12 16:20:28.886 [main] Register - Byjus Form Submitted successfully
[INFO ] 2023-05-13 18:14:58.630 [main] Register - Entering info in Byjus Class Schedule form
[INFO ] 2023-05-13 18:15:12.357 [main] Register - Mobile Number validated
[INFO ] 2023-05-13 18:15:22.432 [main] Register - Entering info in Byjus Class Schedule form
[INFO ] 2023-05-13 18:24:36.410 [main] Register - Chrome Browser opened
[INFO ] 2023-05-13 18:24:52.672 [main] Register - Expected site opened
[INFO ] 2023-05-13 18:24:55.724 [main] Register - Entering info in Byjus Class Schedule form
[INFO ] 2023-05-13 18:26:40.817 [main] Register - Chrome Browser opened
[INFO ] 2023-05-13 18:26:49.063 [main] Register - Expected site opened
[INFO ] 2023-05-13 18:26:52.115 [main] Register - Entering info in Byjus Class Schedule form
[INFO ] 2023-05-13 18:27:49.739 [main] Register - Byjus Form Submitted successfully
[INFO ] 2023-05-13 18:51:08.855 [main] Register - Entering info in Byjus Class Schedule form
[INFO ] 2023-05-13 18:51:16.792 [main] Register - Entering info in Byjus Class Schedule form
[INFO ] 2023-05-13 20:49:11.375 [TestNG-tests-1] Register - Entering info in Byjus Class Schedule form
[INFO ] 2023-05-13 20:49:12.187 [TestNG-tests-2] Register - Entering info in Byjus Class Schedule form
[INFO ] 2023-05-13 20:49:27.967 [TestNG-tests-1] Register - Entering info in Byjus Class Schedule form
[INFO ] 2023-05-13 20:49:31.711 [TestNG-tests-2] Register - Entering info in Byjus Class Schedule form
[INFO ] 2023-05-13 20:51:00.090 [TestNG-tests-1] Register - Entering info in Byjus Class Schedule form
[INFO ] 2023-05-13 20:51:00.272 [TestNG-tests-2] Register - Entering info in Byjus Class Schedule form
[INFO ] 2023-05-13 20:51:13.827 [TestNG-tests-1] Register - Mobile Number validated
[INFO ] 2023-05-13 20:51:13.846 [TestNG-tests-2] Register - Mobile Number validated
[INFO ] 2023-05-13 20:54:40.347 [TestNG-tests-1] Register - Entering info in Byjus Class Schedule form
[INFO ] 2023-05-13 20:54:54.040 [TestNG-tests-1] Register - Mobile Number validated
[INFO ] 2023-05-13 20:56:18.316 [TestNG-tests-1] Register - Entering info in Byjus Class Schedule form
[INFO ] 2023-05-13 20:56:31.886 [TestNG-tests-1] Register - Mobile Number validated
[INFO ] 2023-06-11 11:14:53.163 [main] Register - Chrome Browser opened
[INFO ] 2023-06-11 11:15:06.929 [main] Register - Expected site opened
[INFO ] 2023-06-11 11:15:09.979 [main] Register - Entering info in Byjus Class Schedule form
[INFO ] 2023-06-11 11:15:36.858 [main] Register - Byjus Form Submitted successfully
[INFO ] 2023-06-11 11:16:41.337 [main] Register - Chrome Browser opened
[INFO ] 2023-06-11 11:16:55.623 [main] Register - Expected site opened
[INFO ] 2023-06-11 11:16:58.686 [main] Register - Entering info in Byjus Class Schedule form
[INFO ] 2023-06-11 11:17:08.538 [main] Register - Byjus Form Submitted successfully
[INFO ] 2023-06-11 11:17:53.714 [main] Register - Chrome Browser opened
[INFO ] 2023-06-11 11:18:09.964 [main] Register - Expected site opened
[INFO ] 2023-06-11 11:18:13.018 [main] Register - Entering info in Byjus Class Schedule form
[INFO ] 2023-06-11 11:18:26.622 [main] Register - Mobile Number validated
[INFO ] 2023-06-11 11:18:34.361 [main] Register - Byjus Form Submitted successfully
[INFO ] 2023-06-11 11:19:55.620 [main] Register - Chrome Browser opened
[INFO ] 2023-06-11 11:20:10.753 [main] Register - Expected site opened
[INFO ] 2023-06-11 11:20:13.799 [main] Register - Entering info in Byjus Class Schedule form
[INFO ] 2023-06-11 11:20:27.402 [main] Register - Mobile Number validated
[INFO ] 2023-06-11 11:22:36.162 [main] Register - Chrome Browser opened
[INFO ] 2023-06-11 11:22:50.075 [main] Register - Expected site opened
[INFO ] 2023-06-11 11:22:53.129 [main] Register - Entering info in Byjus Class Schedule form
[INFO ] 2023-06-11 11:23:07.433 [main] Register - Mobile Number validated
[INFO ] 2023-06-11 11:23:56.838 [main] Register - Chrome Browser opened
[INFO ] 2023-06-11 11:24:09.152 [main] Register - Expected site opened
[INFO ] 2023-06-11 11:24:12.202 [main] Register - Entering info in Byjus Class Schedule form
[INFO ] 2023-06-11 11:24:25.799 [main] Register - Mobile Number validated
[INFO ] 2023-06-11 11:27:11.926 [main] Register - Chrome Browser opened
[INFO ] 2023-06-11 11:27:25.326 [main] Register - Expected site opened
[INFO ] 2023-06-11 11:27:28.384 [main] Register - Entering info in Byjus Class Schedule form
[INFO ] 2023-06-11 11:27:41.948 [main] Register - Mobile Number validated
[INFO ] 2023-06-11 11:30:30.594 [main] Register - Chrome Browser opened
[INFO ] 2023-06-11 11:30:43.860 [main] Register - Expected site opened
[INFO ] 2023-06-11 11:30:46.915 [main] Register - Entering info in Byjus Class Schedule form
[INFO ] 2023-06-11 11:31:00.478 [main] Register - Mobile Number validated
[INFO ] 2023-06-11 11:31:48.981 [main] Register - Chrome Browser opened
[INFO ] 2023-06-11 11:32:04.050 [main] Register - Expected site opened
[INFO ] 2023-06-11 11:32:07.126 [main] Register - Entering info in Byjus Class Schedule form
[INFO ] 2023-06-11 11:32:20.806 [main] Register - Mobile Number validated
[INFO ] 2023-06-11 11:35:49.314 [main] Register - Chrome Browser opened
[INFO ] 2023-06-11 11:36:05.834 [main] Register - Expected site opened
[INFO ] 2023-06-11 11:36:08.888 [main] Register - Entering info in Byjus Class Schedule form
[INFO ] 2023-06-11 11:36:22.770 [main] Register - Mobile Number validated
[INFO ] 2023-06-11 12:40:06.303 [main] Register - Chrome Browser opened
[INFO ] 2023-06-11 12:40:19.295 [main] Register - Expected site opened
[INFO ] 2023-06-11 12:40:22.359 [main] Register - Entering info in Byjus Class Schedule form
[INFO ] 2023-06-11 12:40:35.997 [main] Register - Mobile Number validated
[INFO ] 2023-06-11 12:44:11.948 [main] Register - Chrome Browser opened
[INFO ] 2023-06-11 12:44:24.083 [main] Register - Expected site opened
[INFO ] 2023-06-11 12:44:27.152 [main] Register - Entering info in Byjus Class Schedule form
[INFO ] 2023-06-11 12:44:40.688 [main] Register - Mobile Number validated
[INFO ] 2023-06-11 12:47:33.280 [main] Register - Chrome Browser opened
[INFO ] 2023-06-11 12:47:43.994 [main] Register - Expected site opened
[INFO ] 2023-06-11 12:47:47.103 [main] Register - Entering info in Byjus Class Schedule form
[INFO ] 2023-06-11 12:48:00.833 [main] Register - Mobile Number validated
[INFO ] 2023-06-11 13:46:03.131 [main] Register - Chrome Browser opened
[INFO ] 2023-06-11 13:46:28.390 [main] Register - Expected site opened
[INFO ] 2023-06-11 13:46:31.436 [main] Register - Entering info in Byjus Class Schedule form
[INFO ] 2023-06-11 13:46:44.811 [main] Register - Mobile Number validated
[INFO ] 2023-06-11 13:50:15.060 [main] Register - Chrome Browser opened
[INFO ] 2023-06-11 13:50:16.669 [main] Register - Expected site opened
[INFO ] 2023-06-11 13:50:19.723 [main] Register - Entering info in Byjus Class Schedule form
[INFO ] 2023-06-11 13:50:51.998 [main] Register - Chrome Browser opened
[INFO ] 2023-06-11 13:51:01.827 [main] Register - Expected site opened
[INFO ] 2023-06-11 13:51:04.865 [main] Register - Entering info in Byjus Class Schedule form
[INFO ] 2023-06-11 13:51:18.373 [main] Register - Mobile Number validated
[INFO ] 2023-06-11 13:54:22.724 [main] Register - Chrome Browser opened
[INFO ] 2023-06-11 13:55:04.358 [main] Register - Chrome Browser opened
[INFO ] 2023-06-11 13:55:14.874 [main] Register - Expected site opened
[INFO ] 2023-06-11 13:55:17.916 [main] Register - Entering info in Byjus Class Schedule form
[INFO ] 2023-06-11 13:55:31.387 [main] Register - Mobile Number validated
[INFO ] 2023-06-11 13:58:56.557 [main] Register - Chrome Browser opened
[INFO ] 2023-06-11 13:59:04.659 [main] Register - Expected site opened
[INFO ] 2023-06-11 13:59:07.712 [main] Register - Entering info in Byjus Class Schedule form
[INFO ] 2023-06-11 13:59:12.332 [main] Register - Chrome Browser opened
[INFO ] 2023-06-11 13:59:23.460 [main] Register - Expected site opened
[INFO ] 2023-06-11 13:59:26.506 [main] Register - Entering info in Byjus Class Schedule form
[INFO ] 2023-06-11 14:06:15.601 [main] Register - Chrome Browser opened
[INFO ] 2023-06-11 14:06:33.622 [main] Register - Expected site opened
[INFO ] 2023-06-11 14:06:36.665 [main] Register - Entering info in Byjus Class Schedule form
[INFO ] 2023-06-11 14:06:50.035 [main] Register - Mobile Number validated
[INFO ] 2023-06-11 14:14:13.550 [main] Register - Chrome Browser opened
[INFO ] 2023-06-11 14:14:25.253 [main] Register - Expected site opened
[INFO ] 2023-06-11 14:14:28.289 [main] Register - Entering info in Byjus Class Schedule form
[INFO ] 2023-06-11 14:14:41.943 [main] Register - Mobile Number validated
[INFO ] 2023-06-11 14:16:54.944 [main] Register - Chrome Browser opened
[INFO ] 2023-06-11 14:17:38.103 [main] Register - Expected site opened
[INFO ] 2023-06-11 14:17:41.159 [main] Register - Entering info in Byjus Class Schedule form
[INFO ] 2023-06-11 14:17:43.979 [main] Register - Chrome Browser opened
[INFO ] 2023-06-11 14:18:16.563 [main] Register - Expected site opened
[INFO ] 2023-06-11 14:18:19.608 [main] Register - Entering info in Byjus Class Schedule form
[INFO ] 2023-06-11 14:18:32.981 [main] Register - Mobile Number validated
[INFO ] 2023-06-11 14:22:37.077 [main] Register - Chrome Browser opened
[INFO ] 2023-06-11 14:22:38.439 [main] Register - Expected site opened
[INFO ] 2023-06-11 14:22:58.975 [main] Register - Chrome Browser opened
[INFO ] 2023-06-11 14:23:10.403 [main] Register - Expected site opened
[INFO ] 2023-06-11 14:23:13.430 [main] Register - Entering info in Byjus Class Schedule form
[INFO ] 2023-06-11 14:23:26.810 [main] Register - Mobile Number validated
[INFO ] 2023-06-11 14:31:22.965 [main] Register - Chrome Browser opened
[INFO ] 2023-06-11 14:31:29.703 [main] Register - Expected site opened
[INFO ] 2023-06-11 14:31:32.733 [main] Register - Entering info in Byjus Class Schedule form
[INFO ] 2023-06-11 14:31:46.111 [main] Register - Mobile Number validated
[INFO ] 2023-06-11 14:48:02.599 [main] Register - Chrome Browser opened
[INFO ] 2023-06-11 14:48:38.353 [main] Register - Expected site opened
[INFO ] 2023-06-11 14:49:11.018 [main] Register - Chrome Browser opened
[INFO ] 2023-06-11 14:49:12.499 [main] Register - Expected site opened
[INFO ] 2023-06-11 14:49:28.978 [main] Register - Chrome Browser opened
[INFO ] 2023-06-11 14:50:17.276 [main] Register - Expected site opened
[INFO ] 2023-06-11 14:51:08.156 [main] Register - Chrome Browser opened
[INFO ] 2023-06-11 14:51:57.740 [main] Register - Expected site opened
[INFO ] 2023-06-11 14:53:29.697 [main] Register - Chrome Browser opened
[INFO ] 2023-06-11 14:53:39.507 [main] Register - Expected site opened
[INFO ] 2023-06-11 14:54:34.993 [main] Register - Chrome Browser opened
[INFO ] 2023-06-11 14:54:50.836 [main] Register - Expected site opened
[INFO ] 2023-06-11 14:58:35.422 [main] Register - Chrome Browser opened
[INFO ] 2023-06-11 15:00:00.388 [main] Register - Expected site opened
[INFO ] 2023-06-11 15:00:03.444 [main] Register - Entering info in Byjus Class Schedule form
[INFO ] 2023-06-11 15:00:16.847 [main] Register - Mobile Number validated
[INFO ] 2023-06-11 15:12:32.977 [main] Register - Chrome Browser opened
[INFO ] 2023-06-11 15:13:19.344 [main] Register - Expected site opened
[INFO ] 2023-06-11 15:13:22.378 [main] Register - Entering info in Byjus Class Schedule form
[INFO ] 2023-06-11 15:13:35.765 [main] Register - Mobile Number validated
[INFO ] 2023-06-11 15:16:45.637 [main] Register - Chrome Browser opened
[INFO ] 2023-06-11 15:17:48.807 [main] Register - Expected site opened
[INFO ] 2023-06-11 15:17:51.981 [main] Register - Entering info in Byjus Class Schedule form
[INFO ] 2023-06-11 15:18:05.560 [main] Register - Mobile Number validated
[INFO ] 2023-06-11 15:20:21.752 [main] Register - Chrome Browser opened
[INFO ] 2023-06-11 15:20:42.872 [main] Register - Expected site opened
[INFO ] 2023-06-11 15:20:45.920 [main] Register - Entering info in Byjus Class Schedule form
[INFO ] 2023-06-11 15:20:59.498 [main] Register - Mobile Number validated
[INFO ] 2023-06-11 15:22:49.072 [main] Register - Chrome Browser opened
[INFO ] 2023-06-11 15:23:22.555 [main] Register - Expected site opened
[INFO ] 2023-06-11 15:23:25.611 [main] Register - Entering info in Byjus Class Schedule form
[INFO ] 2023-06-11 15:23:41.764 [main] Register - Mobile Number validated
[INFO ] 2023-06-11 15:24:20.138 [main] Register - Chrome Browser opened
[INFO ] 2023-06-11 15:25:36.077 [main] Register - Expected site opened
[INFO ] 2023-06-11 15:25:39.136 [main] Register - Entering info in Byjus Class Schedule form
[INFO ] 2023-06-11 15:26:04.949 [main] Register - Chrome Browser opened
[INFO ] 2023-06-11 15:26:14.758 [main] Register - Expected site opened
[INFO ] 2023-06-11 15:26:17.816 [main] Register - Entering info in Byjus Class Schedule form
[INFO ] 2023-06-11 15:26:33.968 [main] Register - Mobile Number validated
[INFO ] 2023-06-11 15:30:09.591 [main] Register - Chrome Browser opened
[INFO ] 2023-06-11 15:30:54.838 [main] Register - Expected site opened
[INFO ] 2023-06-11 15:30:57.894 [main] Register - Entering info in Byjus Class Schedule form
[INFO ] 2023-06-11 15:31:13.957 [main] Register - Mobile Number validated
[INFO ] 2023-06-11 15:36:49.601 [main] Register - Chrome Browser opened
[INFO ] 2023-06-11 15:37:03.674 [main] Register - Expected site opened
[INFO ] 2023-06-11 15:37:06.740 [main] Register - Entering info in Byjus Class Schedule form
[INFO ] 2023-06-11 15:37:22.652 [main] Register - Mobile Number validated
[INFO ] 2023-06-11 15:37:29.228 [main] Register - Byjus Form Submitted successfully
[INFO ] 2023-06-11 15:41:17.501 [main] Register - Chrome Browser opened
[INFO ] 2023-06-11 15:41:31.766 [main] Register - Expected site opened
[INFO ] 2023-06-11 15:41:34.853 [main] Register - Entering info in Byjus Class Schedule form
[INFO ] 2023-06-11 15:41:50.999 [main] Register - Mobile Number validated
[INFO ] 2023-06-11 15:41:57.552 [main] Register - Byjus Form Submitted successfully
[INFO ] 2023-06-11 15:42:45.109 [main] Register - Chrome Browser opened
[INFO ] 2023-06-11 15:43:04.498 [main] Register - Expected site opened
[INFO ] 2023-06-11 15:43:07.552 [main] Register - Entering info in Byjus Class Schedule form
[INFO ] 2023-06-11 15:43:23.568 [main] Register - Mobile Number validated
[INFO ] 2023-06-11 15:43:30.171 [main] Register - Byjus Form Submitted successfully
[INFO ] 2023-06-11 15:45:43.145 [main] Register - Chrome Browser opened
[INFO ] 2023-06-11 15:46:38.570 [main] Register - Expected site opened
[INFO ] 2023-06-11 15:46:41.623 [main] Register - Entering info in Byjus Class Schedule form
[INFO ] 2023-06-11 15:46:57.751 [main] Register - Mobile Number validated
[INFO ] 2023-06-11 15:47:04.385 [main] Register - Byjus Form Submitted successfully
[INFO ] 2023-06-11 15:55:16.802 [main] Register - Chrome Browser opened
[INFO ] 2023-06-11 15:56:19.107 [main] Register - Expected site opened
[INFO ] 2023-06-11 15:56:22.196 [main] Register - Entering info in Byjus Class Schedule form
[INFO ] 2023-06-11 15:56:46.595 [main] Register - Chrome Browser opened
[INFO ] 2023-06-11 15:57:16.957 [main] Register - Expected site opened
[INFO ] 2023-06-11 15:57:20.007 [main] Register - Entering info in Byjus Class Schedule form
[INFO ] 2023-06-11 15:57:36.082 [main] Register - Mobile Number validated
[INFO ] 2023-06-11 15:57:42.604 [main] Register - Byjus Form Submitted successfully
[INFO ] 2023-06-11 15:59:42.389 [main] Register - Chrome Browser opened
[INFO ] 2023-06-11 16:01:47.151 [main] Register - Expected site opened
[INFO ] 2023-06-11 16:01:50.228 [main] Register - Entering info in Byjus Class Schedule form
[INFO ] 2023-06-11 16:01:58.833 [main] Register - Chrome Browser opened
[INFO ] 2023-06-11 16:03:44.027 [main] Register - Expected site opened
[INFO ] 2023-06-11 16:03:47.083 [main] Register - Entering info in Byjus Class Schedule form
[INFO ] 2023-06-11 16:04:03.219 [main] Register - Mobile Number validated
[INFO ] 2023-06-11 16:04:12.381 [main] Register - Byjus Form Submitted successfully
[INFO ] 2023-06-11 16:05:10.415 [main] Register - Chrome Browser opened
[INFO ] 2023-06-11 16:06:37.317 [main] Register - Expected site opened
[INFO ] 2023-06-11 16:06:40.375 [main] Register - Entering info in Byjus Class Schedule form
[INFO ] 2023-06-11 16:06:56.446 [main] Register - Mobile Number validated
[INFO ] 2023-06-11 16:07:02.736 [main] Register - Byjus Form Submitted successfully
[INFO ] 2023-06-11 16:07:54.231 [main] Register - Chrome Browser opened
[INFO ] 2023-06-11 16:08:10.791 [main] Register - Expected site opened
[INFO ] 2023-06-11 16:08:13.836 [main] Register - Entering info in Byjus Class Schedule form
[INFO ] 2023-06-11 16:08:29.897 [main] Register - Mobile Number validated
[INFO ] 2023-06-11 16:08:36.211 [main] Register - Byjus Form Submitted successfully
[INFO ] 2023-06-11 16:11:16.004 [main] Register - Chrome Browser opened
[INFO ] 2023-06-11 16:12:09.393 [main] Register - Expected site opened
[INFO ] 2023-06-11 16:12:12.450 [main] Register - Entering info in Byjus Class Schedule form
[INFO ] 2023-06-11 16:12:28.464 [main] Register - Mobile Number validated
[INFO ] 2023-06-11 16:12:37.946 [main] Register - Byjus Form Submitted successfully
[INFO ] 2023-06-11 16:16:59.591 [main] Register - Chrome Browser opened
[INFO ] 2023-06-11 16:17:10.395 [main] Register - Expected site opened
[INFO ] 2023-06-11 16:17:13.445 [main] Register - Entering info in Byjus Class Schedule form
[INFO ] 2023-06-11 16:17:29.528 [main] Register - Mobile Number validated
[INFO ] 2023-06-11 16:17:36.113 [main] Register - Byjus Form Submitted successfully
[INFO ] 2023-06-11 16:18:56.400 [main] Register - Chrome Browser opened
[INFO ] 2023-06-11 16:19:19.059 [main] Register - Expected site opened
[INFO ] 2023-06-11 16:19:22.130 [main] Register - Entering info in Byjus Class Schedule form
[INFO ] 2023-06-11 16:19:38.138 [main] Register - Mobile Number validated
[INFO ] 2023-06-11 16:19:45.485 [main] Register - Byjus Form Submitted successfully
[INFO ] 2023-06-11 16:32:22.835 [main] Register - Chrome Browser opened
[INFO ] 2023-06-11 16:32:31.798 [main] Register - Expected site opened
[INFO ] 2023-06-11 16:32:34.868 [main] Register - Entering info in Byjus Class Schedule form
[INFO ] 2023-06-11 16:32:51.075 [main] Register - Mobile Number validated
[INFO ] 2023-06-11 16:32:57.610 [main] Register - Byjus Form Submitted successfully
[INFO ] 2023-06-11 16:35:23.324 [main] Register - Chrome Browser opened
[INFO ] 2023-06-11 16:35:43.750 [main] Register - Expected site opened
[INFO ] 2023-06-11 16:35:46.807 [main] Register - Entering info in Byjus Class Schedule form
[INFO ] 2023-06-11 16:36:02.839 [main] Register - Mobile Number validated
[INFO ] 2023-06-11 16:37:22.719 [main] Register - Chrome Browser opened
[INFO ] 2023-06-11 16:37:29.871 [main] Register - Expected site opened
[INFO ] 2023-06-11 16:37:32.923 [main] Register - Entering info in Byjus Class Schedule form
[INFO ] 2023-06-11 16:37:49.100 [main] Register - Mobile Number validated
[INFO ] 2023-06-11 16:37:55.630 [main] Register - Byjus Form Submitted successfully
[INFO ] 2023-06-11 16:41:01.809 [main] Register - Chrome Browser opened
[INFO ] 2023-06-11 16:41:27.191 [main] Register - Expected site opened
[INFO ] 2023-06-11 16:41:30.266 [main] Register - Entering info in Byjus Class Schedule form
[INFO ] 2023-06-11 16:41:46.408 [main] Register - Mobile Number validated
[INFO ] 2023-06-11 16:41:52.998 [main] Register - Byjus Form Submitted successfully
[INFO ] 2023-06-11 16:42:22.555 [main] Register - Entering info in Byjus Class Schedule form
[INFO ] 2023-06-11 16:46:58.534 [main] Register - Chrome Browser opened
[INFO ] 2023-06-11 16:47:18.353 [main] Register - Expected site opened
[INFO ] 2023-06-11 16:47:21.391 [main] Register - Entering info in Byjus Class Schedule form
[INFO ] 2023-06-11 16:47:37.530 [main] Register - Mobile Number validated
[INFO ] 2023-06-11 16:47:44.110 [main] Register - Byjus Form Submitted successfully
[INFO ] 2023-06-11 16:48:21.145 [main] Register - Entering info in Byjus Class Schedule form
[INFO ] 2023-06-11 16:48:42.571 [main] Register - Chrome Browser opened
[INFO ] 2023-06-11 16:48:57.881 [main] Register - Expected site opened
[INFO ] 2023-06-11 16:49:00.950 [main] Register - Entering info in Byjus Class Schedule form
[INFO ] 2023-06-11 16:49:17.037 [main] Register - Mobile Number validated
[INFO ] 2023-06-11 16:49:23.581 [main] Register - Byjus Form Submitted successfully
[INFO ] 2023-06-11 16:51:08.817 [main] Register - Chrome Browser opened
[INFO ] 2023-06-11 16:51:27.155 [main] Register - Expected site opened
[INFO ] 2023-06-11 16:51:30.209 [main] Register - Entering info in Byjus Class Schedule form
[INFO ] 2023-06-11 16:51:46.227 [main] Register - Mobile Number validated
[INFO ] 2023-06-11 16:51:55.826 [main] Register - Byjus Form Submitted successfully
[INFO ] 2023-06-11 16:54:33.506 [main] Register - Chrome Browser opened
[INFO ] 2023-06-11 16:54:41.655 [main] Register - Expected site opened
[INFO ] 2023-06-11 16:54:44.700 [main] Register - Entering info in Byjus Class Schedule form
[INFO ] 2023-06-11 16:55:00.792 [main] Register - Mobile Number validated
[INFO ] 2023-06-11 16:55:07.326 [main] Register - Byjus Form Submitted successfully
[INFO ] 2023-06-11 16:55:44.611 [main] Register - Chrome Browser opened
[INFO ] 2023-06-11 16:55:49.957 [main] Register - Expected site opened
[INFO ] 2023-06-11 16:55:53.011 [main] Register - Entering info in Byjus Class Schedule form
[INFO ] 2023-06-11 16:56:09.062 [main] Register - Mobile Number validated
[INFO ] 2023-06-11 16:56:15.655 [main] Register - Byjus Form Submitted successfully
[INFO ] 2023-06-11 16:58:05.540 [main] Register - Chrome Browser opened
[INFO ] 2023-06-11 16:58:20.063 [main] Register - Expected site opened
[INFO ] 2023-06-11 16:58:23.122 [main] Register - Entering info in Byjus Class Schedule form
[INFO ] 2023-06-11 16:58:39.275 [main] Register - Mobile Number validated
[INFO ] 2023-06-11 16:59:20.815 [main] Register - Chrome Browser opened
[INFO ] 2023-06-11 16:59:26.364 [main] Register - Expected site opened
[INFO ] 2023-06-11 16:59:29.414 [main] Register - Entering info in Byjus Class Schedule form
[INFO ] 2023-06-11 16:59:45.437 [main] Register - Mobile Number validated
[INFO ] 2023-06-11 16:59:51.974 [main] Register - Byjus Form Submitted successfully
[INFO ] 2023-06-11 17:04:02.589 [main] Register - Chrome Browser opened
[INFO ] 2023-06-11 17:04:10.040 [main] Register - Expected site opened
[INFO ] 2023-06-11 17:04:13.083 [main] Register - Entering info in Byjus Class Schedule form
[INFO ] 2023-06-11 17:04:29.111 [main] Register - Mobile Number validated
[INFO ] 2023-06-11 17:04:35.650 [main] Register - Byjus Form Submitted successfully
[INFO ] 2023-06-11 17:05:09.403 [main] Register - Chrome Browser opened
[INFO ] 2023-06-11 17:05:17.359 [main] Register - Expected site opened
[INFO ] 2023-06-11 17:05:20.413 [main] Register - Entering info in Byjus Class Schedule form
[INFO ] 2023-06-11 17:05:36.501 [main] Register - Mobile Number validated
[INFO ] 2023-06-11 17:05:43.031 [main] Register - Byjus Form Submitted successfully
[INFO ] 2023-06-11 17:12:37.237 [main] Register - Chrome Browser opened
[INFO ] 2023-06-11 17:13:05.125 [main] Register - Expected site opened
[INFO ] 2023-06-11 17:13:08.204 [main] Register - Entering info in Byjus Class Schedule form
[INFO ] 2023-06-11 17:13:24.310 [main] Register - Mobile Number validated
[INFO ] 2023-06-11 17:14:26.970 [main] Register - Chrome Browser opened
[INFO ] 2023-06-11 17:14:48.526 [main] Register - Expected site opened
[INFO ] 2023-06-11 17:14:51.576 [main] Register - Entering info in Byjus Class Schedule form
[INFO ] 2023-06-11 17:15:07.747 [main] Register - Mobile Number validated
[INFO ] 2023-06-11 17:15:19.267 [main] Register - Byjus Form Submitted successfully
[INFO ] 2023-06-11 17:16:36.963 [main] Register - Chrome Browser opened
[INFO ] 2023-06-11 17:17:17.128 [main] Register - Expected site opened
[INFO ] 2023-06-11 17:17:20.178 [main] Register - Entering info in Byjus Class Schedule form
[INFO ] 2023-06-11 17:17:36.813 [main] Register - Mobile Number validated
[INFO ] 2023-06-11 17:17:43.362 [main] Register - Byjus Form Submitted successfully
[INFO ] 2023-06-11 17:19:36.106 [main] Register - Chrome Browser opened
[INFO ] 2023-06-11 17:20:36.529 [main] Register - Expected site opened
[INFO ] 2023-06-11 17:20:39.584 [main] Register - Entering info in Byjus Class Schedule form
[INFO ] 2023-06-11 17:20:55.702 [main] Register - Mobile Number validated
[INFO ] 2023-06-11 17:21:02.300 [main] Register - Byjus Form Submitted successfully
[INFO ] 2023-06-11 17:22:43.144 [main] Register - Chrome Browser opened
[INFO ] 2023-06-11 17:22:58.586 [main] Register - Expected site opened
[INFO ] 2023-06-11 17:23:01.638 [main] Register - Entering info in Byjus Class Schedule form
[INFO ] 2023-06-11 17:23:17.654 [main] Register - Mobile Number validated
[INFO ] 2023-06-11 17:23:24.221 [main] Register - Byjus Form Submitted successfully
[INFO ] 2023-06-11 17:25:30.277 [main] Register - Chrome Browser opened
[INFO ] 2023-06-11 17:25:47.089 [main] Register - Expected site opened
[INFO ] 2023-06-11 17:25:50.139 [main] Register - Entering info in Byjus Class Schedule form
[INFO ] 2023-06-11 17:26:06.261 [main] Register - Mobile Number validated
[INFO ] 2023-06-11 17:26:12.768 [main] Register - Byjus Form Submitted successfully
[INFO ] 2023-06-11 17:31:24.844 [main] Register - Chrome Browser opened
[INFO ] 2023-06-11 17:31:31.288 [main] Register - Expected site opened
[INFO ] 2023-06-11 17:31:34.332 [main] Register - Entering info in Byjus Class Schedule form
[INFO ] 2023-06-11 17:31:50.440 [main] Register - Mobile Number validated
[INFO ] 2023-06-11 17:31:57.049 [main] Register - Byjus Form Submitted successfully
[INFO ] 2023-06-11 17:37:13.808 [main] Register - Chrome Browser opened
[INFO ] 2023-06-11 17:37:24.965 [main] Register - Expected site opened
[INFO ] 2023-06-11 17:37:28.028 [main] Register - Entering info in Byjus Class Schedule form
[INFO ] 2023-06-11 17:37:44.106 [main] Register - Mobile Number validated
[INFO ] 2023-06-11 17:37:50.745 [main] Register - Byjus Form Submitted successfully
[INFO ] 2023-06-11 17:39:35.891 [main] Register - Chrome Browser opened
[INFO ] 2023-06-11 17:40:02.498 [main] Register - Expected site opened
[INFO ] 2023-06-11 17:40:05.547 [main] Register - Entering info in Byjus Class Schedule form
[INFO ] 2023-06-11 17:40:21.658 [main] Register - Mobile Number validated
[INFO ] 2023-06-11 17:40:28.190 [main] Register - Byjus Form Submitted successfully
[INFO ] 2023-06-11 17:42:41.551 [main] Register - Chrome Browser opened
[INFO ] 2023-06-11 17:44:04.237 [main] Register - Chrome Browser opened
[INFO ] 2023-06-11 17:46:19.452 [main] Register - Chrome Browser opened
[INFO ] 2023-06-11 17:46:34.397 [main] Register - Expected site opened
[INFO ] 2023-06-11 17:46:37.442 [main] Register - Entering info in Byjus Class Schedule form
[INFO ] 2023-06-11 17:46:53.580 [main] Register - Mobile Number validated
[INFO ] 2023-06-11 18:09:39.504 [main] Register - Chrome Browser opened
[INFO ] 2023-06-11 18:10:07.587 [main] Register - Expected site opened
[INFO ] 2023-06-11 18:10:10.642 [main] Register - Entering info in Byjus Class Schedule form
[INFO ] 2023-06-11 18:10:26.815 [main] Register - Mobile Number validated
[INFO ] 2023-06-11 18:10:33.384 [main] Register - Byjus Form Submitted successfully
[INFO ] 2023-06-11 18:13:16.653 [main] Register - Chrome Browser opened
[INFO ] 2023-06-11 18:13:55.246 [main] Register - Expected site opened
[INFO ] 2023-06-11 18:13:58.289 [main] Register - Entering info in Byjus Class Schedule form
[INFO ] 2023-06-11 18:14:14.419 [main] Register - Mobile Number validated
[INFO ] 2023-06-11 18:14:21.043 [main] Register - Byjus Form Submitted successfully
[INFO ] 2023-06-11 18:18:49.224 [main] Register - Chrome Browser opened
[INFO ] 2023-06-11 18:19:20.377 [main] Register - Expected site opened
[INFO ] 2023-06-11 18:19:23.447 [main] Register - Entering info in Byjus Class Schedule form
[INFO ] 2023-06-11 18:19:39.581 [main] Register - Mobile Number validated
[INFO ] 2023-06-11 18:19:46.121 [main] Register - Byjus Form Submitted successfully
[INFO ] 2023-06-11 18:20:47.776 [main] Register - Chrome Browser opened
[INFO ] 2023-06-11 18:21:45.922 [main] Register - Expected site opened
[INFO ] 2023-06-11 18:21:48.975 [main] Register - Entering info in Byjus Class Schedule form
[INFO ] 2023-06-11 18:22:05.179 [main] Register - Mobile Number validated
[INFO ] 2023-06-11 18:22:11.822 [main] Register - Byjus Form Submitted successfully
[INFO ] 2023-06-11 18:25:58.787 [main] Register - Chrome Browser opened
[INFO ] 2023-06-11 18:26:29.864 [main] Register - Expected site opened
[INFO ] 2023-06-11 18:26:32.938 [main] Register - Entering info in Byjus Class Schedule form
[INFO ] 2023-06-11 18:26:49.153 [main] Register - Mobile Number validated
[INFO ] 2023-06-11 18:26:55.728 [main] Register - Byjus Form Submitted successfully
[INFO ] 2023-06-11 18:37:15.181 [main] Register - Chrome Browser opened
[INFO ] 2023-06-11 18:38:01.677 [main] Register - Expected site opened
[INFO ] 2023-06-11 18:38:04.729 [main] Register - Entering info in Byjus Class Schedule form
[INFO ] 2023-06-11 18:38:20.864 [main] Register - Mobile Number validated
[INFO ] 2023-06-11 18:38:27.384 [main] Register - Byjus Form Submitted successfully
[INFO ] 2023-06-11 18:41:27.898 [main] Register - Chrome Browser opened
[INFO ] 2023-06-11 18:42:03.886 [main] Register - Expected site opened
[INFO ] 2023-06-11 18:42:06.934 [main] Register - Entering info in Byjus Class Schedule form
[INFO ] 2023-06-11 18:42:23.106 [main] Register - Mobile Number validated
[INFO ] 2023-06-11 18:42:29.772 [main] Register - Byjus Form Submitted successfully
[INFO ] 2023-06-11 18:51:40.222 [main] Register - Chrome Browser opened
[INFO ] 2023-06-11 18:51:41.782 [main] Register - Expected site opened
[INFO ] 2023-06-11 18:51:44.882 [main] Register - Entering info in Byjus Class Schedule form
[INFO ] 2023-06-11 18:51:55.821 [main] Register - Chrome Browser opened
[INFO ] 2023-06-11 18:52:24.386 [main] Register - Expected site opened
[INFO ] 2023-06-11 18:52:27.474 [main] Register - Entering info in Byjus Class Schedule form
[INFO ] 2023-06-11 18:52:41.242 [main] Register - Chrome Browser opened
[INFO ] 2023-06-11 18:53:04.420 [main] Register - Expected site opened
[INFO ] 2023-06-11 18:53:07.476 [main] Register - Entering info in Byjus Class Schedule form
[INFO ] 2023-06-11 18:53:23.625 [main] Register - Mobile Number validated
[INFO ] 2023-06-11 18:53:30.212 [main] Register - Byjus Form Submitted successfully
[INFO ] 2023-06-11 18:59:55.062 [main] Register - Chrome Browser opened
[INFO ] 2023-06-11 19:00:25.486 [main] Register - Expected site opened
[INFO ] 2023-06-11 19:00:28.542 [main] Register - Entering info in Byjus Class Schedule form
[INFO ] 2023-06-11 19:00:44.623 [main] Register - Mobile Number validated
[INFO ] 2023-06-11 19:00:55.499 [main] Register - Byjus Form Submitted successfully
[INFO ] 2023-06-11 19:10:01.591 [main] Register - Chrome Browser opened
[INFO ] 2023-06-11 19:10:17.395 [main] Register - Expected site opened
[INFO ] 2023-06-11 19:10:20.465 [main] Register - Entering info in Byjus Class Schedule form
[INFO ] 2023-06-11 19:10:36.633 [main] Register - Mobile Number validated
[INFO ] 2023-06-11 19:10:43.159 [main] Register - Byjus Form Submitted successfully
[INFO ] 2023-06-11 19:21:21.180 [main] Register - Chrome Browser opened
[INFO ] 2023-06-11 19:21:31.890 [main] Register - Expected site opened
[INFO ] 2023-06-11 19:21:34.953 [main] Register - Entering info in Byjus Class Schedule form
[INFO ] 2023-06-11 19:21:38.242 [main] Register - Entering info in Byjus Class Schedule form
[INFO ] 2023-06-11 19:38:16.708 [main] Register - Chrome Browser opened
[INFO ] 2023-06-11 19:48:37.657 [main] Register - Chrome Browser opened
[INFO ] 2023-06-12 01:00:20.368 [main] Register - Chrome Browser opened
[INFO ] 2023-06-12 01:00:25.526 [main] Register - Expected site opened
[INFO ] 2023-06-12 01:00:28.572 [main] Register - Entering info in Byjus Class Schedule form
[INFO ] 2023-06-12 01:00:44.381 [main] Register - Mobile Number validated
[INFO ] 2023-06-12 01:00:56.903 [main] Register - Byjus Form Submitted successfully
[INFO ] 2023-06-12 01:01:18.167 [main] Register - Entering info in Byjus Class Schedule form
[INFO ] 2023-06-12 01:04:54.718 [main] Register - Chrome Browser opened
[INFO ] 2023-06-12 01:04:58.749 [main] Register - Expected site opened
[INFO ] 2023-06-12 01:05:01.795 [main] Register - Entering info in Byjus Class Schedule form
[INFO ] 2023-06-12 01:05:17.485 [main] Register - Mobile Number validated
[INFO ] 2023-06-12 01:05:23.831 [main] Register - Byjus Form Submitted successfully
[INFO ] 2023-06-12 01:06:26.698 [main] Register - Chrome Browser opened
[INFO ] 2023-06-12 01:06:30.500 [main] Register - Expected site opened
[INFO ] 2023-06-12 01:06:33.569 [main] Register - Entering info in Byjus Class Schedule form
[INFO ] 2023-06-12 01:06:49.268 [main] Register - Mobile Number validated
[INFO ] 2023-06-12 01:06:55.749 [main] Register - Byjus Form Submitted successfully
[INFO ] 2023-06-12 01:08:17.684 [main] Register - Chrome Browser opened
[INFO ] 2023-06-12 01:08:21.399 [main] Register - Expected site opened
[INFO ] 2023-06-12 01:08:24.443 [main] Register - Entering info in Byjus Class Schedule form
[INFO ] 2023-06-12 01:08:40.063 [main] Register - Mobile Number validated
[INFO ] 2023-06-12 01:08:48.745 [main] Register - Byjus Form Submitted successfully
[INFO ] 2023-06-12 01:13:11.734 [main] Register - Chrome Browser opened
[INFO ] 2023-06-12 01:13:13.977 [main] Register - Expected site opened
[INFO ] 2023-06-12 01:13:17.026 [main] Register - Entering info in Byjus Class Schedule form
[INFO ] 2023-06-12 01:14:47.115 [main] Register - Chrome Browser opened
[INFO ] 2023-06-12 01:14:50.831 [main] Register - Expected site opened
[INFO ] 2023-06-12 01:14:53.877 [main] Register - Entering info in Byjus Class Schedule form
[INFO ] 2023-06-12 01:15:09.581 [main] Register - Mobile Number validated
[INFO ] 2023-06-12 01:15:15.918 [main] Register - Byjus Form Submitted successfully
[INFO ] 2023-06-12 01:15:28.671 [main] Register - Entering info in Byjus Class Schedule form
[INFO ] 2023-06-12 01:17:17.688 [main] Register - Chrome Browser opened
[INFO ] 2023-06-12 01:17:21.920 [main] Register - Expected site opened
[INFO ] 2023-06-12 01:17:24.972 [main] Register - Entering info in Byjus Class Schedule form
[INFO ] 2023-06-12 01:17:40.659 [main] Register - Mobile Number validated
[INFO ] 2023-06-12 01:17:48.582 [main] Register - Byjus Form Submitted successfully
[INFO ] 2023-06-12 01:20:06.464 [main] Register - Chrome Browser opened
[INFO ] 2023-06-12 01:20:09.632 [main] Register - Expected site opened
[INFO ] 2023-06-12 01:20:12.671 [main] Register - Entering info in Byjus Class Schedule form
[INFO ] 2023-06-12 01:20:28.418 [main] Register - Mobile Number validated
[INFO ] 2023-06-12 01:20:34.761 [main] Register - Byjus Form Submitted successfully
[INFO ] 2023-06-12 01:21:03.973 [main] Register - Entering info in Byjus Class Schedule form
[INFO ] 2023-06-12 01:22:12.845 [main] Register - Chrome Browser opened
[INFO ] 2023-06-12 01:22:16.821 [main] Register - Expected site opened
[INFO ] 2023-06-12 01:22:19.860 [main] Register - Entering info in Byjus Class Schedule form
[INFO ] 2023-06-12 01:22:48.321 [main] Register - Chrome Browser opened
[INFO ] 2023-06-12 01:22:52.267 [main] Register - Expected site opened
[INFO ] 2023-06-12 01:22:55.320 [main] Register - Entering info in Byjus Class Schedule form
[INFO ] 2023-06-12 01:23:10.990 [main] Register - Mobile Number validated
[INFO ] 2023-06-12 01:23:17.339 [main] Register - Byjus Form Submitted successfully
[INFO ] 2023-06-12 01:24:01.732 [main] Register - Entering info in Byjus Class Schedule form
[INFO ] 2023-06-12 01:26:37.707 [main] Register - Chrome Browser opened
[INFO ] 2023-06-12 01:26:41.305 [main] Register - Expected site opened
[INFO ] 2023-06-12 01:26:44.342 [main] Register - Entering info in Byjus Class Schedule form
[INFO ] 2023-06-12 01:27:00.071 [main] Register - Mobile Number validated
[INFO ] 2023-06-12 01:27:07.111 [main] Register - Byjus Form Submitted successfully
[INFO ] 2023-06-12 01:27:16.924 [main] Register - Entering info in Byjus Class Schedule form
[INFO ] 2023-06-12 01:28:44.727 [main] Register - Chrome Browser opened
[INFO ] 2023-06-12 01:28:46.324 [main] Register - Expected site opened
[INFO ] 2023-06-12 01:28:49.377 [main] Register - Entering info in Byjus Class Schedule form
